[10:10:37] [main/INFO]: Environment: authHost='https://authserver.mojang.com', accountsHost='https://api.mojang.com', sessionHost='https://sessionserver.mojang.com', servicesHost='https://api.minecraftservices.com', name='PROD'
[10:10:37] [main/INFO]: Reloading ResourceManager: Default, bukkit
[10:10:38] [Worker-Main-12/INFO]: Loaded 7 recipes
[10:10:39] [Server thread/INFO]: Starting minecraft server version 1.17.1
[10:10:39] [Server thread/INFO]: Loading properties
[10:10:39] [Server thread/INFO]: This server is running CraftBukkit version 3221-Spigot-b166a49-18027d0 (MC: 1.17.1) (Implementing API version 1.17.1-R0.1-SNAPSHOT)
[10:10:40] [Server thread/INFO]: Debug logging is disabled
[10:10:40] [Server thread/INFO]: Server Ping Player Sample Count: 12
[10:10:40] [Server thread/INFO]: Using 4 threads for Netty based IO
[10:10:40] [Server thread/INFO]: Default game type: ADVENTURE
[10:10:40] [Server thread/INFO]: Generating keypair
[10:10:40] [Server thread/INFO]: Starting Minecraft server on *:25570
[10:10:40] [Server thread/INFO]: Using epoll channel type
[10:10:40] [Server thread/INFO]: [DeluxeHub] Loading DeluxeHub v3.3.10
[10:10:40] [Server thread/WARN]: **** SERVER IS RUNNING IN OFFLINE/INSECURE MODE!
[10:10:40] [Server thread/WARN]: The server will make no attempt to authenticate usernames. Beware.
[10:10:40] [Server thread/WARN]: Whilst this makes it possible to use BungeeCord, unless access to your server is properly restricted, it also opens up the ability for hackers to connect with any username they choose.
[10:10:40] [Server thread/WARN]: Please see http://www.spigotmc.org/wiki/firewall-guide/ for further information.
[10:10:40] [Server thread/WARN]: To change this, set "online-mode" to "true" in the server.properties file.
[10:10:40] [Server thread/INFO]: Preparing level "world"
[10:10:40] [Server thread/INFO]: -------- World Settings For [world] --------
[10:10:40] [Server thread/INFO]: Experience Merge Radius: 3.0
[10:10:40] [Server thread/INFO]: Cactus Growth Modifier: 100%
[10:10:40] [Server thread/INFO]: Cane Growth Modifier: 100%
[10:10:40] [Server thread/INFO]: Melon Growth Modifier: 100%
[10:10:40] [Server thread/INFO]: Mushroom Growth Modifier: 100%
[10:10:40] [Server thread/INFO]: Pumpkin Growth Modifier: 100%
[10:10:40] [Server thread/INFO]: Sapling Growth Modifier: 100%
[10:10:40] [Server thread/INFO]: Beetroot Growth Modifier: 100%
[10:10:40] [Server thread/INFO]: Carrot Growth Modifier: 100%
[10:10:40] [Server thread/INFO]: Potato Growth Modifier: 100%
[10:10:40] [Server thread/INFO]: Wheat Growth Modifier: 100%
[10:10:40] [Server thread/INFO]: NetherWart Growth Modifier: 100%
[10:10:40] [Server thread/INFO]: Vine Growth Modifier: 100%
[10:10:40] [Server thread/INFO]: Cocoa Growth Modifier: 100%
[10:10:40] [Server thread/INFO]: Bamboo Growth Modifier: 100%
[10:10:40] [Server thread/INFO]: SweetBerry Growth Modifier: 100%
[10:10:40] [Server thread/INFO]: Kelp Growth Modifier: 100%
[10:10:40] [Server thread/INFO]: Entity Activation Range: An 32 / Mo 32 / Ra 48 / Mi 16 / Tiv true
[10:10:40] [Server thread/INFO]: Hopper Transfer: 8 Hopper Check: 1 Hopper Amount: 1
[10:10:40] [Server thread/INFO]: Mob Spawn Range: 6
[10:10:40] [Server thread/INFO]: Custom Map Seeds:  Village: 10387312 Desert: 14357617 Igloo: 14357618 Jungle: 14357619 Swamp: 14357620 Monument: 10387313 Ocean: 14357621 Shipwreck: 165745295 End City: 10387313 Slime: 987234911 Bastion: 30084232 Fortress: 30084232 Mansion: 10387319 Fossil: 14357921 Portal: 34222645
[10:10:40] [Server thread/INFO]: Max TNT Explosions: 100
[10:10:40] [Server thread/INFO]: Tile Max Tick Time: 50ms Entity max Tick Time: 50ms
[10:10:40] [Server thread/INFO]: Entity Tracking Range: Pl 48 / An 48 / Mo 48 / Mi 32 / Other 64
[10:10:40] [Server thread/INFO]: Allow Zombie Pigmen to spawn from portal blocks: true
[10:10:40] [Server thread/INFO]: View Distance: 10
[10:10:40] [Server thread/INFO]: Item Despawn Rate: 6000
[10:10:40] [Server thread/INFO]: Item Merge Radius: 2.5
[10:10:40] [Server thread/INFO]: Arrow Despawn Rate: 1200 Trident Respawn Rate:1200
[10:10:40] [Server thread/INFO]: Zombie Aggressive Towards Villager: true
[10:10:40] [Server thread/INFO]: Nerfing mobs spawned from spawners: false
[10:10:41] [Server thread/INFO]: -------- World Settings For [world_nether] --------
[10:10:41] [Server thread/INFO]: Experience Merge Radius: 3.0
[10:10:41] [Server thread/INFO]: Cactus Growth Modifier: 100%
[10:10:41] [Server thread/INFO]: Cane Growth Modifier: 100%
[10:10:41] [Server thread/INFO]: Melon Growth Modifier: 100%
[10:10:41] [Server thread/INFO]: Mushroom Growth Modifier: 100%
[10:10:41] [Server thread/INFO]: Pumpkin Growth Modifier: 100%
[10:10:41] [Server thread/INFO]: Sapling Growth Modifier: 100%
[10:10:41] [Server thread/INFO]: Beetroot Growth Modifier: 100%
[10:10:41] [Server thread/INFO]: Carrot Growth Modifier: 100%
[10:10:41] [Server thread/INFO]: Potato Growth Modifier: 100%
[10:10:41] [Server thread/INFO]: Wheat Growth Modifier: 100%
[10:10:41] [Server thread/INFO]: NetherWart Growth Modifier: 100%
[10:10:41] [Server thread/INFO]: Vine Growth Modifier: 100%
[10:10:41] [Server thread/INFO]: Cocoa Growth Modifier: 100%
[10:10:41] [Server thread/INFO]: Bamboo Growth Modifier: 100%
[10:10:41] [Server thread/INFO]: SweetBerry Growth Modifier: 100%
[10:10:41] [Server thread/INFO]: Kelp Growth Modifier: 100%
[10:10:41] [Server thread/INFO]: Entity Activation Range: An 32 / Mo 32 / Ra 48 / Mi 16 / Tiv true
[10:10:41] [Server thread/INFO]: Hopper Transfer: 8 Hopper Check: 1 Hopper Amount: 1
[10:10:41] [Server thread/INFO]: Mob Spawn Range: 6
[10:10:41] [Server thread/INFO]: Custom Map Seeds:  Village: 10387312 Desert: 14357617 Igloo: 14357618 Jungle: 14357619 Swamp: 14357620 Monument: 10387313 Ocean: 14357621 Shipwreck: 165745295 End City: 10387313 Slime: 987234911 Bastion: 30084232 Fortress: 30084232 Mansion: 10387319 Fossil: 14357921 Portal: 34222645
[10:10:41] [Server thread/INFO]: Max TNT Explosions: 100
[10:10:41] [Server thread/INFO]: Tile Max Tick Time: 50ms Entity max Tick Time: 50ms
[10:10:41] [Server thread/INFO]: Entity Tracking Range: Pl 48 / An 48 / Mo 48 / Mi 32 / Other 64
[10:10:41] [Server thread/INFO]: Allow Zombie Pigmen to spawn from portal blocks: true
[10:10:41] [Server thread/INFO]: View Distance: 10
[10:10:41] [Server thread/INFO]: Item Despawn Rate: 6000
[10:10:41] [Server thread/INFO]: Item Merge Radius: 2.5
[10:10:41] [Server thread/INFO]: Arrow Despawn Rate: 1200 Trident Respawn Rate:1200
[10:10:41] [Server thread/INFO]: Zombie Aggressive Towards Villager: true
[10:10:41] [Server thread/INFO]: Nerfing mobs spawned from spawners: false
[10:10:41] [Server thread/INFO]: -------- World Settings For [world_the_end] --------
[10:10:41] [Server thread/INFO]: Experience Merge Radius: 3.0
[10:10:41] [Server thread/INFO]: Cactus Growth Modifier: 100%
[10:10:41] [Server thread/INFO]: Cane Growth Modifier: 100%
[10:10:41] [Server thread/INFO]: Melon Growth Modifier: 100%
[10:10:41] [Server thread/INFO]: Mushroom Growth Modifier: 100%
[10:10:41] [Server thread/INFO]: Pumpkin Growth Modifier: 100%
[10:10:41] [Server thread/INFO]: Sapling Growth Modifier: 100%
[10:10:41] [Server thread/INFO]: Beetroot Growth Modifier: 100%
[10:10:41] [Server thread/INFO]: Carrot Growth Modifier: 100%
[10:10:41] [Server thread/INFO]: Potato Growth Modifier: 100%
[10:10:41] [Server thread/INFO]: Wheat Growth Modifier: 100%
[10:10:41] [Server thread/INFO]: NetherWart Growth Modifier: 100%
[10:10:41] [Server thread/INFO]: Vine Growth Modifier: 100%
[10:10:41] [Server thread/INFO]: Cocoa Growth Modifier: 100%
[10:10:41] [Server thread/INFO]: Bamboo Growth Modifier: 100%
[10:10:41] [Server thread/INFO]: SweetBerry Growth Modifier: 100%
[10:10:41] [Server thread/INFO]: Kelp Growth Modifier: 100%
[10:10:41] [Server thread/INFO]: Entity Activation Range: An 32 / Mo 32 / Ra 48 / Mi 16 / Tiv true
[10:10:41] [Server thread/INFO]: Hopper Transfer: 8 Hopper Check: 1 Hopper Amount: 1
[10:10:41] [Server thread/INFO]: Mob Spawn Range: 6
[10:10:41] [Server thread/INFO]: Custom Map Seeds:  Village: 10387312 Desert: 14357617 Igloo: 14357618 Jungle: 14357619 Swamp: 14357620 Monument: 10387313 Ocean: 14357621 Shipwreck: 165745295 End City: 10387313 Slime: 987234911 Bastion: 30084232 Fortress: 30084232 Mansion: 10387319 Fossil: 14357921 Portal: 34222645
[10:10:41] [Server thread/INFO]: Max TNT Explosions: 100
[10:10:41] [Server thread/INFO]: Tile Max Tick Time: 50ms Entity max Tick Time: 50ms
[10:10:41] [Server thread/INFO]: Entity Tracking Range: Pl 48 / An 48 / Mo 48 / Mi 32 / Other 64
[10:10:41] [Server thread/INFO]: Allow Zombie Pigmen to spawn from portal blocks: true
[10:10:41] [Server thread/INFO]: View Distance: 10
[10:10:41] [Server thread/INFO]: Item Despawn Rate: 6000
[10:10:41] [Server thread/INFO]: Item Merge Radius: 2.5
[10:10:41] [Server thread/INFO]: Arrow Despawn Rate: 1200 Trident Respawn Rate:1200
[10:10:41] [Server thread/INFO]: Zombie Aggressive Towards Villager: true
[10:10:41] [Server thread/INFO]: Nerfing mobs spawned from spawners: false
[10:10:41] [Server thread/INFO]: Preparing start region for dimension minecraft:overworld
[10:10:41] [Worker-Main-9/INFO]: Preparing spawn area: 0%
[10:10:41] [Worker-Main-10/INFO]: Preparing spawn area: 0%
[10:10:42] [Worker-Main-12/INFO]: Preparing spawn area: 0%
[10:10:42] [Worker-Main-13/INFO]: Preparing spawn area: 4%
[10:10:43] [Worker-Main-9/INFO]: Preparing spawn area: 4%
[10:10:43] [Worker-Main-9/INFO]: Preparing spawn area: 6%
[10:10:44] [Worker-Main-8/INFO]: Preparing spawn area: 33%
[10:10:44] [Worker-Main-11/INFO]: Preparing spawn area: 49%
[10:10:45] [Worker-Main-13/INFO]: Preparing spawn area: 69%
[10:10:45] [Worker-Main-13/INFO]: Preparing spawn area: 89%
[10:10:46] [Server thread/INFO]: Time elapsed: 4934 ms
[10:10:46] [Server thread/INFO]: Preparing start region for dimension minecraft:the_nether
[10:10:46] [Worker-Main-8/INFO]: Preparing spawn area: 0%
[10:10:46] [Worker-Main-14/INFO]: Preparing spawn area: 0%
[10:10:47] [Worker-Main-8/INFO]: Preparing spawn area: 0%
[10:10:47] [Worker-Main-8/INFO]: Preparing spawn area: 3%
[10:10:48] [Worker-Main-13/INFO]: Preparing spawn area: 43%
[10:10:48] [Worker-Main-13/INFO]: Preparing spawn area: 68%
[10:10:49] [Worker-Main-10/INFO]: Preparing spawn area: 75%
[10:10:49] [Worker-Main-12/INFO]: Preparing spawn area: 82%
[10:10:50] [Worker-Main-13/INFO]: Preparing spawn area: 85%
[10:10:50] [Worker-Main-13/INFO]: Preparing spawn area: 88%
[10:10:51] [Worker-Main-9/INFO]: Preparing spawn area: 95%
[10:10:51] [Server thread/INFO]: Time elapsed: 5186 ms
[10:10:51] [Server thread/INFO]: Preparing start region for dimension minecraft:the_end
[10:10:51] [Worker-Main-10/INFO]: Preparing spawn area: 0%
[10:10:51] [Worker-Main-12/INFO]: Preparing spawn area: 1%
[10:10:52] [Worker-Main-13/INFO]: Preparing spawn area: 37%
[10:10:52] [Worker-Main-9/INFO]: Preparing spawn area: 89%
[10:10:52] [Server thread/INFO]: Time elapsed: 1668 ms
[10:10:52] [Server thread/INFO]: [DeluxeHub] Enabling DeluxeHub v3.3.10
[10:10:52] [Server thread/INFO]: [DeluxeHub]  _   _            _          _    _ 
[10:10:52] [Server thread/INFO]: [DeluxeHub] | \ |_ |  | | \/ |_ |_| | | |_)   _)
[10:10:52] [Server thread/INFO]: [DeluxeHub] |_/ |_ |_ |_| /\ |_ | | |_| |_)   _)
[10:10:52] [Server thread/INFO]: [DeluxeHub] 
[10:10:52] [Server thread/INFO]: [DeluxeHub] Version: 3.3.10
[10:10:52] [Server thread/INFO]: [DeluxeHub] Author: ItsLewizzz
[10:10:52] [Server thread/INFO]: [DeluxeHub] 
[10:10:53] [Server thread/INFO]: [DeluxeHub] Loaded custom menu 'serverselector'.
[10:10:53] [Server thread/INFO]: [NBTAPI] Found Spigot: v1_17_R1! Trying to find NMS support
[10:10:53] [Server thread/INFO]: [NBTAPI] NMS support 'MC1_17_R1' loaded!
[10:10:53] [Server thread/INFO]: [NBTAPI] Found Gson: class com.google.gson.Gson
[10:10:53] [Server thread/INFO]: [DeluxeHub] Loaded 17 plugin modules.
[10:10:53] [Server thread/INFO]: [DeluxeHub] 
[10:10:53] [Server thread/INFO]: [DeluxeHub] Successfully loaded in 395ms
[10:10:53] [Server thread/INFO]: Server permissions file permissions.yml is empty, ignoring it
[10:10:53] [Server thread/INFO]: Done (12.670s)! For help, type "help"
[10:10:53] [Thread-10/WARN]: [NBTAPI] The NBT-API at 'package fun.lewisdev.deluxehub.libs.nbtapi' seems to be outdated!
[10:10:53] [Thread-10/WARN]: [NBTAPI] Current Version: '2.8.0-SNAPSHOT' Newest Version: 2.8.0'
[10:10:53] [Thread-10/WARN]: [NBTAPI] Please update the nbt-api or the plugin that contains the api!
[10:11:22] [User Authenticator #1/INFO]: UUID of player MrPina99 is 4c3f236e-4f6b-4597-8b50-ae3c4d12b8f2
[10:11:22] [Server thread/INFO]: MrPina99[/192.168.0.14:34622] logged in with entity id 65 at ([world]3.9476374122648887, 99.0, -3.6347827756194806)
[10:11:27] [Server thread/INFO]: MrPina99 lost connection: Disconnected
[10:11:27] [Server thread/INFO]: - MrPina99 Disconnected
[10:17:48] [User Authenticator #2/INFO]: UUID of player MrPina99 is 4c3f236e-4f6b-4597-8b50-ae3c4d12b8f2
[10:17:48] [Server thread/INFO]: MrPina99[/192.168.0.14:34624] logged in with entity id 66 at ([world]3.9476374122648887, 99.0, -3.6347827756194806)
[10:17:51] [Server thread/INFO]: MrPina99 lost connection: Disconnected
[10:17:51] [Server thread/INFO]: - MrPina99 Disconnected
[10:21:10] [User Authenticator #3/INFO]: UUID of player MrPina99 is 4c3f236e-4f6b-4597-8b50-ae3c4d12b8f2
[10:21:10] [Server thread/INFO]: MrPina99[/192.168.0.14:34626] logged in with entity id 67 at ([world]3.9476374122648887, 99.0, -3.6347827756194806)
[10:21:12] [Server thread/INFO]: MrPina99 lost connection: Disconnected
[10:21:12] [Server thread/INFO]: - MrPina99 Disconnected
[10:29:36] [Thread-1/INFO]: Stopping server
