[15:10:16] [main/INFO]: Environment: authHost='https://authserver.mojang.com', accountsHost='https://api.mojang.com', sessionHost='https://sessionserver.mojang.com', servicesHost='https://api.minecraftservices.com', name='PROD'
[15:10:16] [main/INFO]: Found new data pack file/bukkit, loading it automatically
[15:10:18] [main/INFO]: Reloading ResourceManager: Default, bukkit
[15:10:22] [Worker-Main-2/INFO]: Loaded 7 recipes
[15:10:29] [Server thread/INFO]: Starting minecraft server version 1.17.1
[15:10:29] [Server thread/INFO]: Loading properties
[15:10:30] [Server thread/INFO]: This server is running CraftBukkit version 3221-Spigot-b166a49-18027d0 (MC: 1.17.1) (Implementing API version 1.17.1-R0.1-SNAPSHOT)
[15:10:30] [Server thread/INFO]: Debug logging is disabled
[15:10:30] [Server thread/INFO]: Server Ping Player Sample Count: 12
[15:10:30] [Server thread/INFO]: Using 4 threads for Netty based IO
[15:10:31] [Server thread/INFO]: Default game type: ADVENTURE
[15:10:31] [Server thread/INFO]: Generating keypair
[15:10:32] [Server thread/INFO]: Starting Minecraft server on *:25572
[15:10:32] [Server thread/INFO]: Using epoll channel type
[15:10:33] [Server thread/WARN]: **** SERVER IS RUNNING IN OFFLINE/INSECURE MODE!
[15:10:33] [Server thread/WARN]: The server will make no attempt to authenticate usernames. Beware.
[15:10:33] [Server thread/WARN]: Whilst this makes it possible to use BungeeCord, unless access to your server is properly restricted, it also opens up the ability for hackers to connect with any username they choose.
[15:10:33] [Server thread/WARN]: Please see http://www.spigotmc.org/wiki/firewall-guide/ for further information.
[15:10:33] [Server thread/WARN]: To change this, set "online-mode" to "true" in the server.properties file.
[15:10:33] [Server thread/INFO]: Preparing level "world"
[15:10:33] [Server thread/INFO]: -------- World Settings For [world] --------
[15:10:33] [Server thread/INFO]: Experience Merge Radius: 3.0
[15:10:33] [Server thread/INFO]: Mob Spawn Range: 6
[15:10:33] [Server thread/INFO]: Cactus Growth Modifier: 100%
[15:10:33] [Server thread/INFO]: Cane Growth Modifier: 100%
[15:10:33] [Server thread/INFO]: Melon Growth Modifier: 100%
[15:10:33] [Server thread/INFO]: Mushroom Growth Modifier: 100%
[15:10:33] [Server thread/INFO]: Pumpkin Growth Modifier: 100%
[15:10:33] [Server thread/INFO]: Sapling Growth Modifier: 100%
[15:10:33] [Server thread/INFO]: Beetroot Growth Modifier: 100%
[15:10:33] [Server thread/INFO]: Carrot Growth Modifier: 100%
[15:10:33] [Server thread/INFO]: Potato Growth Modifier: 100%
[15:10:33] [Server thread/INFO]: Wheat Growth Modifier: 100%
[15:10:33] [Server thread/INFO]: NetherWart Growth Modifier: 100%
[15:10:33] [Server thread/INFO]: Vine Growth Modifier: 100%
[15:10:33] [Server thread/INFO]: Cocoa Growth Modifier: 100%
[15:10:33] [Server thread/INFO]: Bamboo Growth Modifier: 100%
[15:10:33] [Server thread/INFO]: SweetBerry Growth Modifier: 100%
[15:10:33] [Server thread/INFO]: Kelp Growth Modifier: 100%
[15:10:33] [Server thread/INFO]: Entity Activation Range: An 32 / Mo 32 / Ra 48 / Mi 16 / Tiv true
[15:10:33] [Server thread/INFO]: Hopper Transfer: 8 Hopper Check: 1 Hopper Amount: 1
[15:10:33] [Server thread/INFO]: Custom Map Seeds:  Village: 10387312 Desert: 14357617 Igloo: 14357618 Jungle: 14357619 Swamp: 14357620 Monument: 10387313 Ocean: 14357621 Shipwreck: 165745295 End City: 10387313 Slime: 987234911 Bastion: 30084232 Fortress: 30084232 Mansion: 10387319 Fossil: 14357921 Portal: 34222645
[15:10:33] [Server thread/INFO]: Max TNT Explosions: 100
[15:10:33] [Server thread/INFO]: Tile Max Tick Time: 50ms Entity max Tick Time: 50ms
[15:10:33] [Server thread/INFO]: Entity Tracking Range: Pl 48 / An 48 / Mo 48 / Mi 32 / Other 64
[15:10:33] [Server thread/INFO]: Allow Zombie Pigmen to spawn from portal blocks: true
[15:10:33] [Server thread/INFO]: Item Despawn Rate: 6000
[15:10:33] [Server thread/INFO]: Item Merge Radius: 2.5
[15:10:33] [Server thread/INFO]: View Distance: 10
[15:10:33] [Server thread/INFO]: Arrow Despawn Rate: 1200 Trident Respawn Rate:1200
[15:10:33] [Server thread/INFO]: Zombie Aggressive Towards Villager: true
[15:10:33] [Server thread/INFO]: Nerfing mobs spawned from spawners: false
[15:10:35] [Server thread/WARN]: Unable to find spawn biome
[15:10:58] [Server thread/INFO]: -------- World Settings For [world_nether] --------
[15:10:58] [Server thread/INFO]: Experience Merge Radius: 3.0
[15:10:58] [Server thread/INFO]: Mob Spawn Range: 6
[15:10:58] [Server thread/INFO]: Cactus Growth Modifier: 100%
[15:10:58] [Server thread/INFO]: Cane Growth Modifier: 100%
[15:10:58] [Server thread/INFO]: Melon Growth Modifier: 100%
[15:10:58] [Server thread/INFO]: Mushroom Growth Modifier: 100%
[15:10:58] [Server thread/INFO]: Pumpkin Growth Modifier: 100%
[15:10:58] [Server thread/INFO]: Sapling Growth Modifier: 100%
[15:10:58] [Server thread/INFO]: Beetroot Growth Modifier: 100%
[15:10:58] [Server thread/INFO]: Carrot Growth Modifier: 100%
[15:10:58] [Server thread/INFO]: Potato Growth Modifier: 100%
[15:10:58] [Server thread/INFO]: Wheat Growth Modifier: 100%
[15:10:58] [Server thread/INFO]: NetherWart Growth Modifier: 100%
[15:10:58] [Server thread/INFO]: Vine Growth Modifier: 100%
[15:10:58] [Server thread/INFO]: Cocoa Growth Modifier: 100%
[15:10:58] [Server thread/INFO]: Bamboo Growth Modifier: 100%
[15:10:58] [Server thread/INFO]: SweetBerry Growth Modifier: 100%
[15:10:58] [Server thread/INFO]: Kelp Growth Modifier: 100%
[15:10:58] [Server thread/INFO]: Entity Activation Range: An 32 / Mo 32 / Ra 48 / Mi 16 / Tiv true
[15:10:58] [Server thread/INFO]: Hopper Transfer: 8 Hopper Check: 1 Hopper Amount: 1
[15:10:58] [Server thread/INFO]: Custom Map Seeds:  Village: 10387312 Desert: 14357617 Igloo: 14357618 Jungle: 14357619 Swamp: 14357620 Monument: 10387313 Ocean: 14357621 Shipwreck: 165745295 End City: 10387313 Slime: 987234911 Bastion: 30084232 Fortress: 30084232 Mansion: 10387319 Fossil: 14357921 Portal: 34222645
[15:10:58] [Server thread/INFO]: Max TNT Explosions: 100
[15:10:58] [Server thread/INFO]: Tile Max Tick Time: 50ms Entity max Tick Time: 50ms
[15:10:58] [Server thread/INFO]: Entity Tracking Range: Pl 48 / An 48 / Mo 48 / Mi 32 / Other 64
[15:10:58] [Server thread/INFO]: Allow Zombie Pigmen to spawn from portal blocks: true
[15:10:58] [Server thread/INFO]: Item Despawn Rate: 6000
[15:10:58] [Server thread/INFO]: Item Merge Radius: 2.5
[15:10:58] [Server thread/INFO]: View Distance: 10
[15:10:58] [Server thread/INFO]: Arrow Despawn Rate: 1200 Trident Respawn Rate:1200
[15:10:58] [Server thread/INFO]: Zombie Aggressive Towards Villager: true
[15:10:58] [Server thread/INFO]: Nerfing mobs spawned from spawners: false
[15:10:58] [Server thread/WARN]: Unable to find spawn biome
[15:11:04] [Server thread/INFO]: -------- World Settings For [world_the_end] --------
[15:11:04] [Server thread/INFO]: Experience Merge Radius: 3.0
[15:11:04] [Server thread/INFO]: Mob Spawn Range: 6
[15:11:04] [Server thread/INFO]: Cactus Growth Modifier: 100%
[15:11:04] [Server thread/INFO]: Cane Growth Modifier: 100%
[15:11:04] [Server thread/INFO]: Melon Growth Modifier: 100%
[15:11:04] [Server thread/INFO]: Mushroom Growth Modifier: 100%
[15:11:04] [Server thread/INFO]: Pumpkin Growth Modifier: 100%
[15:11:04] [Server thread/INFO]: Sapling Growth Modifier: 100%
[15:11:04] [Server thread/INFO]: Beetroot Growth Modifier: 100%
[15:11:04] [Server thread/INFO]: Carrot Growth Modifier: 100%
[15:11:04] [Server thread/INFO]: Potato Growth Modifier: 100%
[15:11:04] [Server thread/INFO]: Wheat Growth Modifier: 100%
[15:11:04] [Server thread/INFO]: NetherWart Growth Modifier: 100%
[15:11:04] [Server thread/INFO]: Vine Growth Modifier: 100%
[15:11:04] [Server thread/INFO]: Cocoa Growth Modifier: 100%
[15:11:04] [Server thread/INFO]: Bamboo Growth Modifier: 100%
[15:11:04] [Server thread/INFO]: SweetBerry Growth Modifier: 100%
[15:11:04] [Server thread/INFO]: Kelp Growth Modifier: 100%
[15:11:04] [Server thread/INFO]: Entity Activation Range: An 32 / Mo 32 / Ra 48 / Mi 16 / Tiv true
[15:11:04] [Server thread/INFO]: Hopper Transfer: 8 Hopper Check: 1 Hopper Amount: 1
[15:11:04] [Server thread/INFO]: Custom Map Seeds:  Village: 10387312 Desert: 14357617 Igloo: 14357618 Jungle: 14357619 Swamp: 14357620 Monument: 10387313 Ocean: 14357621 Shipwreck: 165745295 End City: 10387313 Slime: 987234911 Bastion: 30084232 Fortress: 30084232 Mansion: 10387319 Fossil: 14357921 Portal: 34222645
[15:11:04] [Server thread/INFO]: Max TNT Explosions: 100
[15:11:04] [Server thread/INFO]: Tile Max Tick Time: 50ms Entity max Tick Time: 50ms
[15:11:04] [Server thread/INFO]: Entity Tracking Range: Pl 48 / An 48 / Mo 48 / Mi 32 / Other 64
[15:11:04] [Server thread/INFO]: Allow Zombie Pigmen to spawn from portal blocks: true
[15:11:04] [Server thread/INFO]: Item Despawn Rate: 6000
[15:11:04] [Server thread/INFO]: Item Merge Radius: 2.5
[15:11:04] [Server thread/INFO]: View Distance: 10
[15:11:04] [Server thread/INFO]: Arrow Despawn Rate: 1200 Trident Respawn Rate:1200
[15:11:04] [Server thread/INFO]: Zombie Aggressive Towards Villager: true
[15:11:04] [Server thread/INFO]: Nerfing mobs spawned from spawners: false
[15:11:05] [Server thread/WARN]: Unable to find spawn biome
[15:11:07] [Server thread/INFO]: Preparing start region for dimension minecraft:overworld
[15:11:08] [Worker-Main-2/INFO]: Preparing spawn area: 0%
[15:11:08] [Worker-Main-2/INFO]: Preparing spawn area: 0%
[15:11:08] [Worker-Main-2/INFO]: Preparing spawn area: 0%
[15:11:09] [Worker-Main-2/INFO]: Preparing spawn area: 0%
[15:11:09] [Worker-Main-2/INFO]: Preparing spawn area: 0%
[15:11:10] [Worker-Main-2/INFO]: Preparing spawn area: 0%
[15:11:10] [Worker-Main-2/INFO]: Preparing spawn area: 1%
[15:11:11] [Worker-Main-2/INFO]: Preparing spawn area: 1%
[15:11:11] [Worker-Main-2/INFO]: Preparing spawn area: 1%
[15:11:12] [Worker-Main-2/INFO]: Preparing spawn area: 1%
[15:11:12] [Worker-Main-2/INFO]: Preparing spawn area: 1%
[15:11:13] [Worker-Main-2/INFO]: Preparing spawn area: 1%
[15:11:13] [Worker-Main-2/INFO]: Preparing spawn area: 1%
[15:11:14] [Worker-Main-2/INFO]: Preparing spawn area: 1%
[15:11:14] [Worker-Main-2/INFO]: Preparing spawn area: 1%
[15:11:15] [Worker-Main-2/INFO]: Preparing spawn area: 1%
[15:11:15] [Worker-Main-2/INFO]: Preparing spawn area: 1%
[15:11:16] [Worker-Main-2/INFO]: Preparing spawn area: 1%
[15:11:16] [Worker-Main-2/INFO]: Preparing spawn area: 1%
[15:11:16] [Worker-Main-2/INFO]: Preparing spawn area: 1%
[15:11:17] [Worker-Main-2/INFO]: Preparing spawn area: 1%
[15:11:17] [Worker-Main-2/INFO]: Preparing spawn area: 1%
[15:11:18] [Worker-Main-2/INFO]: Preparing spawn area: 1%
[15:11:19] [Worker-Main-2/INFO]: Preparing spawn area: 1%
[15:11:19] [Worker-Main-2/INFO]: Preparing spawn area: 1%
[15:11:20] [Worker-Main-2/INFO]: Preparing spawn area: 1%
[15:11:20] [Worker-Main-2/INFO]: Preparing spawn area: 1%
[15:11:20] [Worker-Main-2/INFO]: Preparing spawn area: 1%
[15:11:21] [Worker-Main-2/INFO]: Preparing spawn area: 1%
[15:11:22] [Worker-Main-2/INFO]: Preparing spawn area: 1%
[15:11:22] [Worker-Main-2/INFO]: Preparing spawn area: 1%
[15:11:23] [Worker-Main-2/INFO]: Preparing spawn area: 1%
[15:11:23] [Worker-Main-2/INFO]: Preparing spawn area: 1%
[15:11:23] [Worker-Main-2/INFO]: Preparing spawn area: 1%
[15:11:24] [Worker-Main-2/INFO]: Preparing spawn area: 1%
[15:11:25] [Worker-Main-2/INFO]: Preparing spawn area: 1%
[15:11:25] [Worker-Main-2/INFO]: Preparing spawn area: 1%
[15:11:26] [Worker-Main-2/INFO]: Preparing spawn area: 1%
[15:11:26] [Worker-Main-2/INFO]: Preparing spawn area: 1%
[15:11:26] [Worker-Main-2/INFO]: Preparing spawn area: 1%
[15:11:27] [Worker-Main-2/INFO]: Preparing spawn area: 1%
[15:11:27] [Worker-Main-2/INFO]: Preparing spawn area: 1%
[15:11:28] [Worker-Main-2/INFO]: Preparing spawn area: 1%
[15:11:29] [Worker-Main-2/INFO]: Preparing spawn area: 1%
[15:11:29] [Worker-Main-2/INFO]: Preparing spawn area: 1%
[15:11:29] [Worker-Main-2/INFO]: Preparing spawn area: 1%
[15:11:30] [Worker-Main-2/INFO]: Preparing spawn area: 1%
[15:11:30] [Worker-Main-2/INFO]: Preparing spawn area: 1%
[15:11:31] [Worker-Main-2/INFO]: Preparing spawn area: 1%
[15:11:32] [Worker-Main-2/INFO]: Preparing spawn area: 1%
[15:11:32] [Worker-Main-2/INFO]: Preparing spawn area: 1%
[15:11:32] [Worker-Main-2/INFO]: Preparing spawn area: 1%
[15:11:33] [Worker-Main-2/INFO]: Preparing spawn area: 1%
[15:11:34] [Worker-Main-2/INFO]: Preparing spawn area: 1%
[15:11:34] [Worker-Main-2/INFO]: Preparing spawn area: 1%
[15:11:35] [Worker-Main-2/INFO]: Preparing spawn area: 1%
[15:11:35] [Worker-Main-2/INFO]: Preparing spawn area: 1%
[15:11:35] [Worker-Main-2/INFO]: Preparing spawn area: 1%
[15:11:36] [Worker-Main-2/INFO]: Preparing spawn area: 1%
[15:11:37] [Worker-Main-2/INFO]: Preparing spawn area: 1%
[15:11:37] [Worker-Main-2/INFO]: Preparing spawn area: 1%
[15:11:38] [Worker-Main-2/INFO]: Preparing spawn area: 1%
[15:11:38] [Worker-Main-2/INFO]: Preparing spawn area: 1%
[15:11:38] [Worker-Main-2/INFO]: Preparing spawn area: 1%
[15:11:39] [Worker-Main-2/INFO]: Preparing spawn area: 1%
[15:11:40] [Worker-Main-2/INFO]: Preparing spawn area: 1%
[15:11:40] [Worker-Main-2/INFO]: Preparing spawn area: 1%
[15:11:40] [Worker-Main-2/INFO]: Preparing spawn area: 1%
[15:11:41] [Worker-Main-2/INFO]: Preparing spawn area: 1%
[15:11:41] [Worker-Main-2/INFO]: Preparing spawn area: 1%
[15:11:42] [Worker-Main-2/INFO]: Preparing spawn area: 1%
[15:11:43] [Worker-Main-2/INFO]: Preparing spawn area: 1%
[15:11:43] [Worker-Main-2/INFO]: Preparing spawn area: 1%
[15:11:44] [Worker-Main-2/INFO]: Preparing spawn area: 1%
[15:11:45] [Worker-Main-2/INFO]: Preparing spawn area: 1%
[15:11:45] [Worker-Main-2/INFO]: Preparing spawn area: 1%
[15:11:45] [Worker-Main-2/INFO]: Preparing spawn area: 1%
[15:11:45] [Worker-Main-2/INFO]: Preparing spawn area: 1%
[15:11:46] [Worker-Main-2/INFO]: Preparing spawn area: 1%
[15:11:47] [Worker-Main-2/INFO]: Preparing spawn area: 1%
[15:11:47] [Worker-Main-2/INFO]: Preparing spawn area: 1%
[15:11:48] [Worker-Main-2/INFO]: Preparing spawn area: 1%
[15:11:48] [Worker-Main-2/INFO]: Preparing spawn area: 1%
[15:11:48] [Worker-Main-2/INFO]: Preparing spawn area: 1%
[15:11:49] [Worker-Main-2/INFO]: Preparing spawn area: 1%
[15:11:49] [Worker-Main-2/INFO]: Preparing spawn area: 1%
[15:11:51] [Worker-Main-2/INFO]: Preparing spawn area: 1%
[15:11:51] [Worker-Main-2/INFO]: Preparing spawn area: 1%
[15:11:51] [Worker-Main-2/INFO]: Preparing spawn area: 1%
[15:11:51] [Worker-Main-2/INFO]: Preparing spawn area: 1%
[15:11:52] [Worker-Main-2/INFO]: Preparing spawn area: 1%
[15:11:52] [Worker-Main-2/INFO]: Preparing spawn area: 1%
[15:11:53] [Worker-Main-2/INFO]: Preparing spawn area: 1%
[15:11:53] [Worker-Main-2/INFO]: Preparing spawn area: 1%
[15:11:54] [Worker-Main-2/INFO]: Preparing spawn area: 1%
[15:11:55] [Worker-Main-2/INFO]: Preparing spawn area: 1%
[15:11:55] [Worker-Main-2/INFO]: Preparing spawn area: 1%
[15:11:56] [Worker-Main-2/INFO]: Preparing spawn area: 1%
[15:11:56] [Worker-Main-2/INFO]: Preparing spawn area: 1%
[15:11:56] [Worker-Main-2/INFO]: Preparing spawn area: 1%
[15:11:57] [Worker-Main-2/INFO]: Preparing spawn area: 1%
[15:11:57] [Worker-Main-2/INFO]: Preparing spawn area: 1%
[15:11:58] [Worker-Main-2/INFO]: Preparing spawn area: 1%
[15:11:59] [Worker-Main-2/INFO]: Preparing spawn area: 1%
[15:11:59] [Worker-Main-2/INFO]: Preparing spawn area: 1%
[15:12:00] [Worker-Main-2/INFO]: Preparing spawn area: 1%
[15:12:00] [Worker-Main-2/INFO]: Preparing spawn area: 1%
[15:12:03] [Worker-Main-2/INFO]: Preparing spawn area: 1%
[15:12:03] [Worker-Main-2/INFO]: Preparing spawn area: 1%
[15:12:03] [Worker-Main-2/INFO]: Preparing spawn area: 1%
[15:12:03] [Worker-Main-2/INFO]: Preparing spawn area: 1%
[15:12:04] [Worker-Main-2/INFO]: Preparing spawn area: 1%
[15:12:04] [Worker-Main-2/INFO]: Preparing spawn area: 1%
[15:12:04] [Worker-Main-2/INFO]: Preparing spawn area: 1%
[15:12:04] [Worker-Main-2/INFO]: Preparing spawn area: 1%
[15:12:05] [Worker-Main-2/INFO]: Preparing spawn area: 1%
[15:12:05] [Worker-Main-2/INFO]: Preparing spawn area: 1%
[15:12:05] [Worker-Main-2/INFO]: Preparing spawn area: 1%
[15:12:06] [Worker-Main-2/INFO]: Preparing spawn area: 1%
[15:12:07] [Worker-Main-2/INFO]: Preparing spawn area: 2%
[15:12:07] [Worker-Main-2/INFO]: Preparing spawn area: 2%
[15:12:08] [Worker-Main-2/INFO]: Preparing spawn area: 2%
[15:12:10] [Worker-Main-2/INFO]: Preparing spawn area: 2%
[15:12:10] [Worker-Main-2/INFO]: Preparing spawn area: 2%
[15:12:10] [Worker-Main-2/INFO]: Preparing spawn area: 2%
[15:12:10] [Worker-Main-2/INFO]: Preparing spawn area: 2%
[15:12:10] [Worker-Main-2/INFO]: Preparing spawn area: 3%
[15:12:11] [Worker-Main-2/INFO]: Preparing spawn area: 3%
[15:12:11] [Worker-Main-2/INFO]: Preparing spawn area: 4%
[15:12:12] [Worker-Main-2/INFO]: Preparing spawn area: 5%
[15:12:13] [Worker-Main-2/INFO]: Preparing spawn area: 5%
[15:12:13] [Worker-Main-2/INFO]: Preparing spawn area: 5%
[15:12:13] [Worker-Main-2/INFO]: Preparing spawn area: 5%
[15:12:14] [Worker-Main-2/INFO]: Preparing spawn area: 6%
[15:12:17] [Worker-Main-2/INFO]: Preparing spawn area: 6%
[15:12:18] [Worker-Main-2/INFO]: Preparing spawn area: 6%
[15:12:18] [Worker-Main-2/INFO]: Preparing spawn area: 6%
[15:12:18] [Worker-Main-2/INFO]: Preparing spawn area: 6%
[15:12:18] [Worker-Main-2/INFO]: Preparing spawn area: 6%
[15:12:18] [Worker-Main-2/INFO]: Preparing spawn area: 6%
[15:12:18] [Worker-Main-2/INFO]: Preparing spawn area: 6%
[15:12:18] [Worker-Main-2/INFO]: Preparing spawn area: 6%
[15:12:18] [Worker-Main-2/INFO]: Preparing spawn area: 9%
[15:12:20] [Worker-Main-2/INFO]: Preparing spawn area: 18%
[15:12:20] [Worker-Main-2/INFO]: Preparing spawn area: 18%
[15:12:20] [Worker-Main-2/INFO]: Preparing spawn area: 18%
[15:12:20] [Worker-Main-2/INFO]: Preparing spawn area: 23%
[15:12:25] [Worker-Main-2/INFO]: Preparing spawn area: 24%
[15:12:25] [Worker-Main-2/INFO]: Preparing spawn area: 24%
[15:12:25] [Worker-Main-2/INFO]: Preparing spawn area: 24%
[15:12:25] [Worker-Main-2/INFO]: Preparing spawn area: 24%
[15:12:25] [Worker-Main-2/INFO]: Preparing spawn area: 24%
[15:12:25] [Worker-Main-2/INFO]: Preparing spawn area: 24%
[15:12:25] [Worker-Main-2/INFO]: Preparing spawn area: 24%
[15:12:25] [Worker-Main-2/INFO]: Preparing spawn area: 24%
[15:12:25] [Worker-Main-2/INFO]: Preparing spawn area: 24%
[15:12:25] [Worker-Main-2/INFO]: Preparing spawn area: 24%
[15:12:26] [Worker-Main-2/INFO]: Preparing spawn area: 38%
[15:12:27] [Worker-Main-2/INFO]: Preparing spawn area: 38%
[15:12:27] [Worker-Main-2/INFO]: Preparing spawn area: 38%
[15:12:27] [Worker-Main-2/INFO]: Preparing spawn area: 38%
[15:12:28] [Worker-Main-2/INFO]: Preparing spawn area: 42%
[15:12:28] [Worker-Main-2/INFO]: Preparing spawn area: 43%
[15:12:29] [Worker-Main-2/INFO]: Preparing spawn area: 44%
[15:12:29] [Worker-Main-2/INFO]: Preparing spawn area: 45%
[15:12:33] [Worker-Main-2/INFO]: Preparing spawn area: 46%
[15:12:33] [Worker-Main-2/INFO]: Preparing spawn area: 46%
[15:12:33] [Worker-Main-2/INFO]: Preparing spawn area: 46%
[15:12:33] [Worker-Main-2/INFO]: Preparing spawn area: 46%
[15:12:33] [Worker-Main-2/INFO]: Preparing spawn area: 46%
[15:12:33] [Worker-Main-2/INFO]: Preparing spawn area: 46%
[15:12:33] [Worker-Main-2/INFO]: Preparing spawn area: 46%
[15:12:33] [Worker-Main-2/INFO]: Preparing spawn area: 46%
[15:12:34] [Worker-Main-2/INFO]: Preparing spawn area: 46%
[15:12:34] [Worker-Main-2/INFO]: Preparing spawn area: 56%
[15:12:35] [Worker-Main-2/INFO]: Preparing spawn area: 56%
[15:12:35] [Worker-Main-2/INFO]: Preparing spawn area: 57%
[15:12:39] [Worker-Main-2/INFO]: Preparing spawn area: 58%
[15:12:39] [Worker-Main-2/INFO]: Preparing spawn area: 58%
[15:12:39] [Worker-Main-2/INFO]: Preparing spawn area: 58%
[15:12:39] [Worker-Main-2/INFO]: Preparing spawn area: 58%
[15:12:39] [Worker-Main-2/INFO]: Preparing spawn area: 58%
[15:12:39] [Worker-Main-2/INFO]: Preparing spawn area: 58%
[15:12:39] [Worker-Main-2/INFO]: Preparing spawn area: 58%
[15:12:39] [Worker-Main-2/INFO]: Preparing spawn area: 58%
[15:12:39] [Worker-Main-2/INFO]: Preparing spawn area: 58%
[15:12:40] [Worker-Main-2/INFO]: Preparing spawn area: 69%
[15:12:42] [Worker-Main-2/INFO]: Preparing spawn area: 70%
[15:12:42] [Worker-Main-2/INFO]: Preparing spawn area: 70%
[15:12:42] [Worker-Main-2/INFO]: Preparing spawn area: 70%
[15:12:42] [Worker-Main-2/INFO]: Preparing spawn area: 70%
[15:12:43] [Worker-Main-2/INFO]: Preparing spawn area: 76%
[15:12:43] [Worker-Main-2/INFO]: Preparing spawn area: 76%
[15:12:46] [Worker-Main-2/INFO]: Preparing spawn area: 79%
[15:12:46] [Worker-Main-2/INFO]: Preparing spawn area: 79%
[15:12:46] [Worker-Main-2/INFO]: Preparing spawn area: 79%
[15:12:46] [Worker-Main-2/INFO]: Preparing spawn area: 79%
[15:12:46] [Worker-Main-2/INFO]: Preparing spawn area: 79%
[15:12:46] [Worker-Main-2/INFO]: Preparing spawn area: 79%
[15:12:46] [Worker-Main-2/INFO]: Preparing spawn area: 79%
[15:12:50] [Worker-Main-2/INFO]: Preparing spawn area: 84%
[15:12:50] [Worker-Main-2/INFO]: Preparing spawn area: 84%
[15:12:50] [Worker-Main-2/INFO]: Preparing spawn area: 84%
[15:12:50] [Worker-Main-2/INFO]: Preparing spawn area: 84%
[15:12:50] [Worker-Main-2/INFO]: Preparing spawn area: 84%
[15:12:50] [Worker-Main-2/INFO]: Preparing spawn area: 84%
[15:12:50] [Worker-Main-2/INFO]: Preparing spawn area: 84%
[15:12:51] [Worker-Main-2/INFO]: Preparing spawn area: 84%
[15:12:51] [Worker-Main-2/INFO]: Preparing spawn area: 99%
[15:12:53] [Server thread/INFO]: Time elapsed: 105836 ms
[15:12:53] [Server thread/INFO]: Preparing start region for dimension minecraft:the_nether
[15:12:54] [Worker-Main-2/INFO]: Preparing spawn area: 0%
[15:12:54] [Worker-Main-2/INFO]: Preparing spawn area: 0%
[15:12:54] [Worker-Main-2/INFO]: Preparing spawn area: 0%
[15:12:54] [Worker-Main-2/INFO]: Preparing spawn area: 0%
[15:12:55] [Worker-Main-2/INFO]: Preparing spawn area: 0%
[15:12:55] [Worker-Main-2/INFO]: Preparing spawn area: 0%
[15:12:56] [Worker-Main-2/INFO]: Preparing spawn area: 0%
[15:12:56] [Worker-Main-2/INFO]: Preparing spawn area: 1%
[15:12:57] [Worker-Main-2/INFO]: Preparing spawn area: 1%
[15:12:57] [Worker-Main-2/INFO]: Preparing spawn area: 2%
[15:12:58] [Worker-Main-2/INFO]: Preparing spawn area: 2%
[15:12:58] [Worker-Main-2/INFO]: Preparing spawn area: 2%
[15:12:59] [Worker-Main-2/INFO]: Preparing spawn area: 2%
[15:12:59] [Worker-Main-2/INFO]: Preparing spawn area: 2%
[15:13:00] [Worker-Main-2/INFO]: Preparing spawn area: 2%
[15:13:00] [Worker-Main-2/INFO]: Preparing spawn area: 2%
[15:13:01] [Worker-Main-2/INFO]: Preparing spawn area: 2%
[15:13:01] [Worker-Main-2/INFO]: Preparing spawn area: 2%
[15:13:02] [Worker-Main-2/INFO]: Preparing spawn area: 2%
[15:13:02] [Worker-Main-2/INFO]: Preparing spawn area: 2%
[15:13:03] [Worker-Main-2/INFO]: Preparing spawn area: 2%
[15:13:03] [Worker-Main-2/INFO]: Preparing spawn area: 2%
[15:13:04] [Worker-Main-2/INFO]: Preparing spawn area: 2%
[15:13:04] [Worker-Main-2/INFO]: Preparing spawn area: 2%
[15:13:05] [Worker-Main-2/INFO]: Preparing spawn area: 2%
[15:13:05] [Worker-Main-2/INFO]: Preparing spawn area: 2%
[15:13:06] [Worker-Main-2/INFO]: Preparing spawn area: 2%
[15:13:06] [Worker-Main-2/INFO]: Preparing spawn area: 2%
[15:13:07] [Worker-Main-2/INFO]: Preparing spawn area: 2%
[15:13:07] [Worker-Main-2/INFO]: Preparing spawn area: 2%
[15:13:08] [Worker-Main-2/INFO]: Preparing spawn area: 2%
[15:13:08] [Worker-Main-2/INFO]: Preparing spawn area: 2%
[15:13:09] [Worker-Main-2/INFO]: Preparing spawn area: 2%
[15:13:09] [Worker-Main-2/INFO]: Preparing spawn area: 2%
[15:13:10] [Worker-Main-2/INFO]: Preparing spawn area: 2%
[15:13:10] [Worker-Main-2/INFO]: Preparing spawn area: 2%
[15:13:11] [Worker-Main-2/INFO]: Preparing spawn area: 2%
[15:13:11] [Worker-Main-2/INFO]: Preparing spawn area: 2%
[15:13:12] [Worker-Main-2/INFO]: Preparing spawn area: 2%
[15:13:12] [Worker-Main-2/INFO]: Preparing spawn area: 2%
[15:13:13] [Worker-Main-2/INFO]: Preparing spawn area: 2%
[15:13:13] [Worker-Main-2/INFO]: Preparing spawn area: 2%
[15:13:14] [Worker-Main-2/INFO]: Preparing spawn area: 2%
[15:13:14] [Worker-Main-2/INFO]: Preparing spawn area: 2%
[15:13:15] [Worker-Main-2/INFO]: Preparing spawn area: 2%
[15:13:15] [Worker-Main-2/INFO]: Preparing spawn area: 2%
[15:13:16] [Worker-Main-2/INFO]: Preparing spawn area: 2%
[15:13:16] [Worker-Main-2/INFO]: Preparing spawn area: 2%
[15:13:17] [Worker-Main-2/INFO]: Preparing spawn area: 2%
[15:13:17] [Worker-Main-2/INFO]: Preparing spawn area: 2%
[15:13:18] [Worker-Main-2/INFO]: Preparing spawn area: 2%
[15:13:18] [Worker-Main-2/INFO]: Preparing spawn area: 2%
[15:13:19] [Worker-Main-2/INFO]: Preparing spawn area: 2%
[15:13:20] [Worker-Main-2/INFO]: Preparing spawn area: 2%
[15:13:20] [Worker-Main-2/INFO]: Preparing spawn area: 2%
[15:13:20] [Worker-Main-2/INFO]: Preparing spawn area: 2%
[15:13:21] [Worker-Main-2/INFO]: Preparing spawn area: 2%
[15:13:21] [Worker-Main-2/INFO]: Preparing spawn area: 2%
[15:13:22] [Worker-Main-2/INFO]: Preparing spawn area: 2%
[15:13:22] [Worker-Main-2/INFO]: Preparing spawn area: 2%
[15:13:23] [Worker-Main-2/INFO]: Preparing spawn area: 2%
[15:13:23] [Worker-Main-2/INFO]: Preparing spawn area: 2%
[15:13:24] [Worker-Main-2/INFO]: Preparing spawn area: 2%
[15:13:24] [Worker-Main-2/INFO]: Preparing spawn area: 2%
[15:13:25] [Worker-Main-2/INFO]: Preparing spawn area: 2%
[15:13:25] [Worker-Main-2/INFO]: Preparing spawn area: 2%
[15:13:26] [Worker-Main-2/INFO]: Preparing spawn area: 2%
[15:13:27] [Worker-Main-2/INFO]: Preparing spawn area: 2%
[15:13:27] [Worker-Main-2/INFO]: Preparing spawn area: 2%
[15:13:27] [Worker-Main-2/INFO]: Preparing spawn area: 2%
[15:13:28] [Worker-Main-2/INFO]: Preparing spawn area: 2%
[15:13:28] [Worker-Main-2/INFO]: Preparing spawn area: 2%
[15:13:30] [Worker-Main-2/INFO]: Preparing spawn area: 2%
[15:13:30] [Worker-Main-2/INFO]: Preparing spawn area: 2%
[15:13:30] [Worker-Main-2/INFO]: Preparing spawn area: 2%
[15:13:30] [Worker-Main-2/INFO]: Preparing spawn area: 4%
[15:13:31] [Worker-Main-2/INFO]: Preparing spawn area: 16%
[15:13:31] [Worker-Main-2/INFO]: Preparing spawn area: 18%
[15:13:32] [Worker-Main-2/INFO]: Preparing spawn area: 22%
[15:13:33] [Worker-Main-2/INFO]: Preparing spawn area: 24%
[15:13:33] [Worker-Main-2/INFO]: Preparing spawn area: 24%
[15:13:34] [Worker-Main-2/INFO]: Preparing spawn area: 33%
[15:13:34] [Worker-Main-2/INFO]: Preparing spawn area: 33%
[15:13:34] [Worker-Main-2/INFO]: Preparing spawn area: 33%
[15:13:35] [Worker-Main-2/INFO]: Preparing spawn area: 37%
[15:13:36] [Worker-Main-2/INFO]: Preparing spawn area: 44%
[15:13:36] [Worker-Main-2/INFO]: Preparing spawn area: 46%
[15:13:38] [Worker-Main-2/INFO]: Preparing spawn area: 46%
[15:13:38] [Worker-Main-2/INFO]: Preparing spawn area: 46%
[15:13:38] [Worker-Main-2/INFO]: Preparing spawn area: 46%
[15:13:38] [Worker-Main-2/INFO]: Preparing spawn area: 46%
[15:13:38] [Worker-Main-2/INFO]: Preparing spawn area: 56%
[15:13:41] [Worker-Main-2/INFO]: Preparing spawn area: 57%
[15:13:41] [Worker-Main-2/INFO]: Preparing spawn area: 57%
[15:13:41] [Worker-Main-2/INFO]: Preparing spawn area: 57%
[15:13:41] [Worker-Main-2/INFO]: Preparing spawn area: 57%
[15:13:41] [Worker-Main-2/INFO]: Preparing spawn area: 64%
[15:13:41] [Worker-Main-2/INFO]: Preparing spawn area: 65%
[15:13:43] [Worker-Main-2/INFO]: Preparing spawn area: 65%
[15:13:43] [Worker-Main-2/INFO]: Preparing spawn area: 65%
[15:13:43] [Worker-Main-2/INFO]: Preparing spawn area: 65%
[15:13:46] [Worker-Main-2/INFO]: Preparing spawn area: 71%
[15:13:46] [Worker-Main-2/INFO]: Preparing spawn area: 71%
[15:13:47] [Worker-Main-2/INFO]: Preparing spawn area: 71%
[15:13:47] [Worker-Main-2/INFO]: Preparing spawn area: 71%
[15:13:47] [Worker-Main-2/INFO]: Preparing spawn area: 71%
[15:13:47] [Worker-Main-2/INFO]: Preparing spawn area: 71%
[15:13:47] [Worker-Main-2/INFO]: Preparing spawn area: 71%
[15:13:47] [Worker-Main-2/INFO]: Preparing spawn area: 71%
[15:13:48] [Worker-Main-2/INFO]: Preparing spawn area: 83%
[15:13:52] [Worker-Main-2/INFO]: Preparing spawn area: 86%
[15:13:52] [Worker-Main-2/INFO]: Preparing spawn area: 86%
[15:13:52] [Worker-Main-2/INFO]: Preparing spawn area: 86%
[15:13:52] [Worker-Main-2/INFO]: Preparing spawn area: 86%
[15:13:52] [Worker-Main-2/INFO]: Preparing spawn area: 86%
[15:13:52] [Worker-Main-2/INFO]: Preparing spawn area: 86%
[15:13:52] [Worker-Main-2/INFO]: Preparing spawn area: 86%
[15:13:52] [Worker-Main-2/INFO]: Preparing spawn area: 86%
[15:13:52] [Server thread/INFO]: Time elapsed: 59282 ms
[15:13:52] [Server thread/INFO]: Preparing start region for dimension minecraft:the_end
[15:13:53] [Worker-Main-2/INFO]: Preparing spawn area: 0%
[15:13:53] [Worker-Main-2/INFO]: Preparing spawn area: 0%
[15:13:53] [Worker-Main-2/INFO]: Preparing spawn area: 0%
[15:13:54] [Worker-Main-2/INFO]: Preparing spawn area: 2%
[15:13:54] [Worker-Main-2/INFO]: Preparing spawn area: 5%
[15:13:55] [Worker-Main-2/INFO]: Preparing spawn area: 8%
[15:13:55] [Worker-Main-2/INFO]: Preparing spawn area: 14%
[15:13:56] [Worker-Main-2/INFO]: Preparing spawn area: 22%
[15:13:57] [Worker-Main-2/INFO]: Preparing spawn area: 23%
[15:13:57] [Worker-Main-2/INFO]: Preparing spawn area: 24%
[15:13:57] [Worker-Main-2/INFO]: Preparing spawn area: 32%
[15:13:58] [Worker-Main-2/INFO]: Preparing spawn area: 36%
[15:13:58] [Worker-Main-2/INFO]: Preparing spawn area: 41%
[15:13:59] [Worker-Main-2/INFO]: Preparing spawn area: 46%
[15:13:59] [Worker-Main-2/INFO]: Preparing spawn area: 51%
[15:14:00] [Worker-Main-2/INFO]: Preparing spawn area: 57%
[15:14:00] [Worker-Main-2/INFO]: Preparing spawn area: 66%
[15:14:01] [Worker-Main-2/INFO]: Preparing spawn area: 72%
[15:14:01] [Worker-Main-2/INFO]: Preparing spawn area: 77%
[15:14:02] [Worker-Main-2/INFO]: Preparing spawn area: 81%
[15:14:02] [Worker-Main-2/INFO]: Preparing spawn area: 86%
[15:14:03] [Worker-Main-2/INFO]: Preparing spawn area: 90%
[15:14:03] [Worker-Main-2/INFO]: Preparing spawn area: 93%
[15:14:04] [Worker-Main-2/INFO]: Preparing spawn area: 96%
[15:14:04] [Server thread/INFO]: Time elapsed: 11588 ms
[15:14:04] [Server thread/INFO]: Server permissions file permissions.yml is empty, ignoring it
[15:14:04] [Server thread/INFO]: Done (211.577s)! For help, type "help"
[15:14:10] [Server thread/WARN]: Can't keep up! Is the server overloaded? Running 5166ms or 103 ticks behind
[15:19:17] [Server thread/WARN]: Can't keep up! Is the server overloaded? Running 7806ms or 156 ticks behind
